#
# There is insufficient memory for the Java Runtime Environment to continue.
# Native memory allocation (mmap) failed to map 266338304 bytes for G1 virtual space
# Possible reasons:
#   The system is out of physical RAM or swap space
#   The process is running with CompressedOops enabled, and the Java Heap may be blocking the growth of the native heap
# Possible solutions:
#   Reduce memory load on the system
#   Increase physical memory or swap space
#   Check if swap backing store is full
#   Decrease Java heap size (-Xmx/-Xms)
#   Decrease number of Java threads
#   Decrease Java thread stack sizes (-Xss)
#   Set larger code cache with -XX:ReservedCodeCacheSize=
#   JVM is running with Zero Based Compressed Oops mode in which the Java heap is
#     placed in the first 32GB address space. The Java Heap base address is the
#     maximum limit for the native heap growth. Please use -XX:HeapBaseMinAddress
#     to set the Java Heap base and to place the Java Heap above 32GB virtual address.
# This output file may be truncated or incomplete.
#
#  Out of Memory Error (os_windows.cpp:3530), pid=15744, tid=12252
#
# JRE version:  (18.0+36) (build )
# Java VM: Java HotSpot(TM) 64-Bit Server VM (18+36-2087, mixed mode, sharing, tiered, compressed oops, compressed class ptrs, g1 gc, windows-amd64)
# No core dump will be written. Minidumps are not enabled by default on client versions of Windows
#

---------------  S U M M A R Y ------------

Command Line: -ea -Didea.home.path=C:\Users\abhay\AppData\Local\JetBrains\IdeaIC2022.1\plugins-sandbox\test -Didea.plugins.path=C:\Users\abhay\AppData\Local\JetBrains\IdeaIC2022.1\plugins-sandbox\plugins -Didea.test.cyclic.buffer.size=1048576 -javaagent:C:\Program Files\JetBrains\IntelliJ IDEA Community Edition 2022.1\lib\idea_rt.jar=53944:C:\Program Files\JetBrains\IntelliJ IDEA Community Edition 2022.1\bin -Dfile.encoding=UTF-8 com.intellij.rt.testng.RemoteTestNGStarter -usedefaultlisteners false -socket53943 @w@C:\Users\abhay\AppData\Local\Temp\idea_working_dirs_testng.tmp -temp C:\Users\abhay\AppData\Local\Temp\idea_testng.tmp

Host: 11th Gen Intel(R) Core(TM) i7-1165G7 @ 2.80GHz, 8 cores, 15G,  Windows 10 , 64 bit Build 19041 (10.0.19041.1889)
Time: Tue Nov  8 13:55:51 2022 Eastern Standard Time elapsed time: 0.016445 seconds (0d 0h 0m 0s)

---------------  T H R E A D  ---------------

Current thread (0x0000016775641990):  JavaThread "Unknown thread" [_thread_in_vm, id=12252, stack(0x00000048e3700000,0x00000048e3800000)]

Stack: [0x00000048e3700000,0x00000048e3800000]
Native frames: (J=compiled Java code, j=interpreted, Vv=VM code, C=native code)
V  [jvm.dll+0x69804a]
V  [jvm.dll+0x7f308d]
V  [jvm.dll+0x7f499e]
V  [jvm.dll+0x7f5053]
V  [jvm.dll+0x25ca3f]
V  [jvm.dll+0x694f99]
V  [jvm.dll+0x689aca]
V  [jvm.dll+0x321efb]
V  [jvm.dll+0x3298d6]
V  [jvm.dll+0x37e47e]
V  [jvm.dll+0x37e6af]
V  [jvm.dll+0x2f9c7a]
V  [jvm.dll+0x2facdd]
V  [jvm.dll+0x7c1cc0]
V  [jvm.dll+0x38b801]
V  [jvm.dll+0x7a09d3]
V  [jvm.dll+0x40d6bf]
V  [jvm.dll+0x40f091]
C  [jli.dll+0x526b]
C  [ucrtbase.dll+0x21bb2]
C  [KERNEL32.DLL+0x17034]
C  [ntdll.dll+0x526a1]


---------------  P R O C E S S  ---------------

Threads class SMR info:
_java_thread_list=0x00007ff856d9e550, length=0, elements={
}

Java Threads: ( => current thread )

Other Threads:
  0x00000167756adf20 WorkerThread "GC Thread#0" [stack: 0x00000048e3800000,0x00000048e3900000] [id=17668]
  0x00000167756beaa0 ConcurrentGCThread "G1 Main Marker" [stack: 0x00000048e3900000,0x00000048e3a00000] [id=14280]
  0x00000167733da4a0 WorkerThread "G1 Conc#0" [stack: 0x00000048e3a00000,0x00000048e3b00000] [id=2708]

[error occurred during error reporting (printing all threads), id 0xc0000005, EXCEPTION_ACCESS_VIOLATION (0xc0000005) at pc=0x00007ff8565ca217]

VM state: not at safepoint (not fully initialized)

VM Mutex/Monitor currently owned by a thread:  ([mutex/lock_event])
[0x000001677563cb20] Heap_lock - owner thread: 0x0000016775641990

Heap address: 0x0000000703a00000, size: 4038 MB, Compressed Oops mode: Zero based, Oop shift amount: 3

CDS archive(s) mapped at: [0x0000000000000000-0x0000000000000000-0x0000000000000000), size 0, SharedBaseAddress: 0x0000000800000000, ArchiveRelocationMode: 0.
Narrow klass base: 0x0000000000000000, Narrow klass shift: 0, Narrow klass range: 0x0

GC Precious Log:
 CardTable entry size: 512
 Card Set container configuration: InlinePtr #cards 4 size 8 Array Of Cards #cards 16 size 48 Howl #buckets 8 coarsen threshold 3686 Howl Bitmap #cards 512 size 80 coarsen threshold 460 Card regions per heap region 1 cards per card region 4096

Heap:
 garbage-first heap   total 0K, used 0K [0x0000000703a00000, 0x0000000800000000)
  region size 2048K, 0 young (0K), 0 survivors (0K)

[error occurred during error reporting (printing heap information), id 0xc0000005, EXCEPTION_ACCESS_VIOLATION (0xc0000005) at pc=0x00007ff8569b0489]

GC Heap History (0 events):
No events

Deoptimization events (0 events):
No events

Classes loaded (0 events):
No events

Classes unloaded (0 events):
No events

Classes redefined (0 events):
No events

Internal exceptions (0 events):
No events

VM Operations (0 events):
No events

Events (1 events):
Event: 0.009 Loaded shared library C:\Program Files\Java\jdk-18\bin\java.dll


Dynamic libraries:
0x00007ff773ff0000 - 0x00007ff774000000 	C:\Program Files\Java\jdk-18\bin\java.exe
0x00007ff8ee710000 - 0x00007ff8ee908000 	C:\windows\SYSTEM32\ntdll.dll
0x00007ff8ed4d0000 - 0x00007ff8ed58d000 	C:\windows\System32\KERNEL32.DLL
0x00007ff8ec250000 - 0x00007ff8ec522000 	C:\windows\System32\KERNELBASE.dll
0x0000000057be0000 - 0x0000000057f10000 	C:\Program Files\Norton Security\NortonData\22.21.1.151\Definitions\IPSDefs\20221107.061\IPSEng64.dll
0x00007ff8ed650000 - 0x00007ff8ed6fe000 	C:\windows\System32\ADVAPI32.dll
0x00007ff8edb10000 - 0x00007ff8edbae000 	C:\windows\System32\msvcrt.dll
0x00007ff8ee500000 - 0x00007ff8ee59c000 	C:\windows\System32\sechost.dll
0x00007ff8ee5a0000 - 0x00007ff8ee6c5000 	C:\windows\System32\RPCRT4.dll
0x00007ff8ed4c0000 - 0x00007ff8ed4c8000 	C:\windows\System32\PSAPI.DLL
0x00007ff8ebe50000 - 0x00007ff8ebf50000 	C:\windows\System32\ucrtbase.dll
0x00007ff8c4c30000 - 0x00007ff8c4c4a000 	C:\Program Files\Java\jdk-18\bin\VCRUNTIME140.dll
0x00007ff8c42d0000 - 0x00007ff8c42e8000 	C:\Program Files\Java\jdk-18\bin\jli.dll
0x00007ff8ecb70000 - 0x00007ff8ecd0d000 	C:\windows\System32\USER32.dll
0x00007ff8ec6d0000 - 0x00007ff8ec6f2000 	C:\windows\System32\win32u.dll
0x00007ff8c6080000 - 0x00007ff8c631a000 	C:\windows\WinSxS\amd64_microsoft.windows.common-controls_6595b64144ccf1df_6.0.19041.1110_none_60b5254171f9507e\COMCTL32.dll
0x00007ff8ee2a0000 - 0x00007ff8ee2cb000 	C:\windows\System32\GDI32.dll
0x00007ff8ec5c0000 - 0x00007ff8ec6cf000 	C:\windows\System32\gdi32full.dll
0x00007ff8ebf50000 - 0x00007ff8ebfed000 	C:\windows\System32\msvcp_win.dll
0x00007ff8df7f0000 - 0x00007ff8df7fa000 	C:\windows\SYSTEM32\VERSION.dll
0x00007ff8ee3a0000 - 0x00007ff8ee3d0000 	C:\windows\System32\IMM32.DLL
0x00007ff8cec50000 - 0x00007ff8cec5c000 	C:\Program Files\Java\jdk-18\bin\vcruntime140_1.dll
0x00007ff8aa630000 - 0x00007ff8aa6bd000 	C:\Program Files\Java\jdk-18\bin\msvcp140.dll
0x00007ff8562c0000 - 0x00007ff856ed1000 	C:\Program Files\Java\jdk-18\bin\server\jvm.dll
0x00007ff8c1e30000 - 0x00007ff8c1e57000 	C:\windows\SYSTEM32\WINMM.dll
0x00007ff8e19c0000 - 0x00007ff8e19c9000 	C:\windows\SYSTEM32\WSOCK32.dll
0x00007ff8edbb0000 - 0x00007ff8edc1b000 	C:\windows\System32\WS2_32.dll
0x00007ff8ea7c0000 - 0x00007ff8ea7d2000 	C:\windows\SYSTEM32\kernel.appcore.dll
0x00007ff8cbf50000 - 0x00007ff8cbf5a000 	C:\Program Files\Java\jdk-18\bin\jimage.dll
0x00007ff8ea1a0000 - 0x00007ff8ea384000 	C:\windows\SYSTEM32\DBGHELP.DLL
0x00007ff8d21b0000 - 0x00007ff8d21dc000 	C:\windows\SYSTEM32\dbgcore.DLL
0x00007ff8ec530000 - 0x00007ff8ec5b2000 	C:\windows\System32\bcryptPrimitives.dll
0x00007ff8cbec0000 - 0x00007ff8cbece000 	C:\Program Files\Java\jdk-18\bin\instrument.dll
0x00007ff8c41b0000 - 0x00007ff8c41d5000 	C:\Program Files\Java\jdk-18\bin\java.dll

dbghelp: loaded successfully - version: 4.0.5 - missing functions: none
symbol engine: initialized successfully - sym options: 0x614 - pdb path: .;C:\Program Files\Java\jdk-18\bin;C:\windows\SYSTEM32;C:\Program Files\Norton Security\NortonData\22.21.1.151\Definitions\IPSDefs\20221107.061;C:\windows\WinSxS\amd64_microsoft.windows.common-controls_6595b64144ccf1df_6.0.19041.1110_none_60b5254171f9507e;C:\Program Files\Java\jdk-18\bin\server

VM Arguments:
jvm_args: -ea -Didea.home.path=C:\Users\abhay\AppData\Local\JetBrains\IdeaIC2022.1\plugins-sandbox\test -Didea.plugins.path=C:\Users\abhay\AppData\Local\JetBrains\IdeaIC2022.1\plugins-sandbox\plugins -Didea.test.cyclic.buffer.size=1048576 -javaagent:C:\Program Files\JetBrains\IntelliJ IDEA Community Edition 2022.1\lib\idea_rt.jar=53944:C:\Program Files\JetBrains\IntelliJ IDEA Community Edition 2022.1\bin -Dfile.encoding=UTF-8 
java_command: com.intellij.rt.testng.RemoteTestNGStarter -usedefaultlisteners false -socket53943 @w@C:\Users\abhay\AppData\Local\Temp\idea_working_dirs_testng.tmp -temp C:\Users\abhay\AppData\Local\Temp\idea_testng.tmp
java_class_path (initial): C:\Program Files\JetBrains\IntelliJ IDEA Community Edition 2022.1\lib\resources.jar;C:\Program Files\JetBrains\IntelliJ IDEA Community Edition 2022.1\lib\idea.jar;C:\Program Files\JetBrains\IntelliJ IDEA Community Edition 2022.1\plugins\testng\lib\testng-rt.jar;C:\Program Files\JetBrains\IntelliJ IDEA Community Edition 2022.1\lib\3rd-party-rt.jar;C:\Program Files\JetBrains\IntelliJ IDEA Community Edition 2022.1\lib\annotations.jar;C:\Program Files\JetBrains\IntelliJ IDEA Community Edition 2022.1\lib\app.jar;C:\Program Files\JetBrains\IntelliJ IDEA Community Edition 2022.1\lib\byte-buddy-agent.jar;C:\Program Files\JetBrains\IntelliJ IDEA Community Edition 2022.1\lib\dom-impl.jar;C:\Program Files\JetBrains\IntelliJ IDEA Community Edition 2022.1\lib\dom-openapi.jar;C:\Program Files\JetBrains\IntelliJ IDEA Community Edition 2022.1\lib\duplicates-analysis.jar;C:\Program Files\JetBrains\IntelliJ IDEA Community Edition 2022.1\lib\error-prone-annotations.jar;C:\Program Files\JetBrains\IntelliJ IDEA Community Edition 2022.1\lib\external-system-rt.jar;C:\Program Files\JetBrains\IntelliJ IDEA Community Edition 2022.1\lib\externalProcess-rt.jar;C:\Program Files\JetBrains\IntelliJ IDEA Community Edition 2022.1\lib\forms_rt.jar;C:\Program Files\JetBrains\IntelliJ IDEA Community Edition 2022.1\lib\groovy.jar;C:\Program Files\JetBrains\IntelliJ IDEA Community Edition 2022.1\lib\grpc-netty-shaded.jar;C:\Program Files\JetBrains\IntelliJ IDEA Community Edition 2022.1\lib\idea_rt.jar;C:\Program Files\JetBrains\IntelliJ IDEA Community Edition 2022.1\lib\intellij-coverage-agent-1.0.656.jar;C:\Program Files\JetBrains\IntelliJ IDEA Community Edition 2022.1\lib\intellij-test-discovery.jar;C:\Program Files\JetBrains\IntelliJ IDEA Community Edition 2022.1\lib\jna.jar;C:\Program Files\JetBrains\IntelliJ IDEA Community Edition 2022.1\lib\jps-model.jar;C:\Program Files\JetBrains\IntelliJ IDEA Community Edition 2022.1\lib\jsch-agent.jar;C:\Program Files\JetBrains\IntelliJ IDEA Community Edition 2022.1\lib\jsp-base-openapi.jar;C:\Program Files\JetBrains\IntelliJ IDEA Community Edition 2022.1\lib\junit4.jar;C:\Program Files\JetBrains\IntelliJ IDEA Community Edition 2022.1\lib\junixsocket-core.jar;C:\Program Files\JetBrains\IntelliJ IDEA Community Edition 2022.1\lib\lz4-java.jar;C:\Program Files\JetBrains\IntelliJ IDEA Community Edition 2022.1\lib\platform-objectSerializer-annotations.jar;C:\Program Files\JetBrains\IntelliJ IDEA Community Edition 2022.1\lib\platform-statistics-devkit.jar;C:\Program Files\JetBrains\IntelliJ IDEA Community Edition 2022.1\lib\protobuf.jar;C:\Program Files\JetBrains\IntelliJ IDEA Community Edition 2022.1\lib\pty4j.jar;C:\Program Files\JetBrains\IntelliJ IDEA Community Edition 2022.1\lib\rd-core.jar;C:\Program Files\JetBrains\IntelliJ IDEA Community Edition 2022.1\lib\rd-framework.jar;C:\Program Files\JetBrains\IntelliJ IDEA Community Edition 2022.1\lib\rd-swing.jar;C:\Program Files\JetBrains\IntelliJ IDEA Community Edition 2022.1\lib\rd-text.jar;C:\Program Files\JetBrains\IntelliJ IDEA Community Edition 2022.1\lib\stats.jar;C:\Program Files\JetBrains\IntelliJ IDEA Community Edition 2022.1\lib\structuralsearch.jar;C:\Program Files\JetBrains\IntelliJ IDEA Community Edition 2022.1\lib\testFramework.jar;C:\Program Files\JetBrains\IntelliJ IDEA Community Edition 2022.1\lib\tests_bootstrap.jar;C:\Program Files\JetBrains\IntelliJ IDEA Community Edition 2022.1\lib\uast-tests.jar;C:\Program Files\JetBrains\IntelliJ IDEA Community Edition 2022.1\lib\util.jar;C:\Program Files\JetBrains\IntelliJ IDEA Community Edition 2022.1\lib\util_rt.jar;C:\Program Files\JetBrains\IntelliJ IDEA Community Edition 2022.1\lib\winp.jar;C:\Program Files\JetBrains\IntelliJ IDEA Community Edition 2022.1\plugins\java\lib\aether-dependency-resolver.jar;C:\Program Files\JetBrains\IntelliJ IDEA Community Edition 2022.1\plugins\java\lib\debugger-memory-agent.jar;C:\Program Files\JetBrains\IntelliJ IDEA Community Edition 2022.1\plugins\java\lib\java-impl.jar;C:\Program Files\JetBrains\IntelliJ IDEA Community Edition 2022.1\plugins\java\lib\javac2.jar;C:\Program Files\JetBrains\IntelliJ IDEA Community Edition 2022.1\plugins\java\lib\jb-jdi.jar;C:\Program Files\JetBrains\IntelliJ IDEA Community Edition 2022.1\plugins\java\lib\jgoodies-common.jar;C:\Program Files\JetBrains\IntelliJ IDEA Community Edition 2022.1\plugins\java\lib\jps-builders-6.jar;C:\Program Files\JetBrains\IntelliJ IDEA Community Edition 2022.1\plugins\java\lib\jps-builders.jar;C:\Program Files\JetBrains\IntelliJ IDEA Community Edition 2022.1\plugins\java\lib\jps-javac-extension.jar;C:\Program Files\JetBrains\IntelliJ IDEA Community Edition 2022.1\plugins\java\lib\jps-launcher.jar;C:\Program Files\JetBrains\IntelliJ IDEA Community Edition 2022.1\plugins\java\lib\jshell-frontend.jar;C:\Program Files\JetBrains\IntelliJ IDEA Community Edition 2022.1\plugins\java\lib\jshell-protocol.jar;C:\Program Files\JetBrains\IntelliJ IDEA Community Edition 2022.1\plugins\java\lib\sa-jdwp.jar;C:\Users\abhay\IdeaProjects\FreeCRMAutomation\target\test-classes;C:\Users\abhay\IdeaProjects\FreeCRMAutomation\target\classes;C:\Users\abhay\.m2\repository\org\seleniumhq\selenium\selenium-java\4.1.1\selenium-java-4.1.1.jar;C:\Users\abhay\.m2\repository\org\seleniumhq\selenium\selenium-api\4.1.1\selenium-api-4.1.1.jar;C:\Users\abhay\.m2\repository\org\seleniumhq\selenium\selenium-chrome-driver\4.1.1\selenium-chrome-driver-4.1.1.jar;C:\Users\abhay\.m2\repository\com\google\auto\service\auto-service-annotations\1.0.1\auto-service-annotations-1.0.1.jar;C:\Users\abhay\.m2\repository\com\google\auto\service\auto-service\1.0.1\auto-service-1.0.1.jar;C:\Users\abhay\.m2\repository\com\google\auto\auto-common\1.2\auto-common-1.2.jar;C:\Users\abhay\.m2\repository\com\google\guava\guava\31.0.1-jre\guava-31.0.1-jre.jar;C:\Users\abhay\.m2\repository\com\google\guava\failureaccess\1.0.1\failureaccess-1.0.1.jar;C:\Users\abhay\.m2\repository\com\google\guava\listenablefuture\9999.0-empty-to-avoid-conflict-with-guava\listenablefuture-9999.0-empty-to-avoid-conflict-with-guava.jar;C:\Users\abhay\.m2\repository\com\google\code\findbugs\jsr305\3.0.2\jsr305-3.0.2.jar;C:\Users\abhay\.m2\repository\org\checkerframework\checker-qual\3.12.0\checker-qual-3.12.0.jar;C:\Users\abhay\.m2\repository\com\google\errorprone\error_prone_annotations\2.7.1\error_prone_annotations-2.7.1.jar;C:\Users\abhay\.m2\repository\com\google\j2objc\j2objc-annotations\1.3\j2objc-annotations-1.3.jar;C:\Users\abhay\.m2\repository\org\seleniumhq\selenium\selenium-chromium-driver\4.1.1\selenium-chromium-driver-4.1.1.jar;C:\Users\abhay\.m2\repository\org\seleniumhq\selenium\selenium-json\4.1.1\selenium-json-4.1.1.jar;C:\Users\abhay\.m2\repository\org\seleniumhq\selenium\selenium-devtools-v85\4.1.1\selenium-devtools-v85-4.1.1.jar;C:\Users\abhay\.m2\repository\org\seleniumhq\selenium\selenium-devtools-v94\4.1.1\selenium-devtools-v94-4.1.1.jar;C:\Users\abhay\.m2\repository\org\seleniumhq\selenium\selenium-devtools-v95\4.1.1\selenium-devtools-v95-4.1.1.jar;C:\Users\abhay\.m2\repository\org\seleniumhq\selenium\selenium-devtools-v96\4.1.1\selenium-devtools-v96-4.1.1.jar;C:\Users\abhay\.m2\repository\org\seleniumhq\selenium\selenium-edge-driver\4.1.1\selenium-edge-driver-4.1.1.jar;C:\Users\abhay\.m2\repository\org\seleniumhq\selenium\selenium-firefox-driver\4.1.1\selenium-firefox-driver-4.1.1.jar;C:\Users\abhay\.m2\repository\org\seleniumhq\selenium\selenium-firefox-xpi-driver\4.1.1\selenium-firefox-xpi-driver-4.1.1.jar;C:\Users\abhay\.m2\repository\org\seleniumhq\selenium\selenium-ie-driver\4.1.1\selenium-ie-driver-4.1.1.jar;C:\Users\abhay\.m2\repository\org\seleniumhq\selenium\selenium-opera-driver\4.1.1\selenium-opera-driver-4.1.1.jar;C:\Users\abhay\.m2\repository\org\seleniumhq\selenium\selenium-remote-driver\4.1.1\selenium-remote-driver-4.1.1.jar;C:\Users\abhay\.m2\repository\io\netty\netty-buffer\4.1.70.Final\netty-buffer-4.1.70.Final.jar;C:\Users\abhay\.m2\repository\io\netty\netty-codec-http\4.1.70.Final\netty-codec-http-4.1.70.Final.jar;C:\Users\abhay\.m2\repository\io\netty\netty-codec\4.1.70.Final\netty-codec-4.1.70.Final.jar;C:\Users\abhay\.m2\repository\io\netty\netty-handler\4.1.70.Final\netty-handler-4.1.70.Final.jar;C:\Users\abhay\.m2\repository\io\netty\netty-common\4.1.70.Final\netty-common-4.1.70.Final.jar;C:\Users\abhay\.m2\repository\io\netty\netty-transport-classes-epoll\4.1.70.Final\netty-transport-classes-epoll-4.1.70.Final.jar;C:\Users\abhay\.m2\repository\io\netty\netty-transport-classes-kqueue\4.1.70.Final\netty-transport-classes-kqueue-4.1.70.Final.jar;C:\Users\abhay\.m2\repository\io\netty\netty-transport-native-unix-common\4.1.70.Final\netty-transport-native-unix-common-4.1.70.Final.jar;C:\Users\abhay\.m2\repository\io\netty\netty-transport\4.1.70.Final\netty-transport-4.1.70.Final.jar;C:\Users\abhay\.m2\repository\io\netty\netty-resolver\4.1.70.Final\netty-resolver-4.1.70.Final.jar;C:\Users\abhay\.m2\repository\io\opentelemetry\opentelemetry-api\1.9.1\opentelemetry-api-1.9.1.jar;C:\Users\abhay\.m2\repository\io\opentelemetry\opentelemetry-context\1.9.1\opentelemetry-context-1.9.1.jar;C:\Users\abhay\.m2\repository\io\opentelemetry\opentelemetry-exporter-logging\1.9.1\opentelemetry-exporter-logging-1.9.1.jar;C:\Users\abhay\.m2\repository\io\opentelemetry\opentelemetry-sdk-metrics\1.9.1-alpha\opentelemetry-sdk-metrics-1.9.1-alpha.jar;C:\Users\abhay\.m2\repository\io\opentelemetry\opentelemetry-sdk-logs\1.9.1-alpha\opentelemetry-sdk-logs-1.9.1-alpha.jar;C:\Users\abhay\.m2\repository\io\opentelemetry\opentelemetry-sdk-common\1.9.1\opentelemetry-sdk-common-1.9.1.jar;C:\Users\abhay\.m2\repository\io\opentelemetry\opentelemetry-sdk-extension-autoconfigure-spi\1.9.1\opentelemetry-sdk-extension-autoconfigure-spi-1.9.1.jar;C:\Users\abhay\.m2\repository\io\opentelemetry\opentelemetry-sdk-extension-autoconfigure\1.9.1-alpha\opentelemetry-sdk-extension-autoconfigure-1.9.1-alpha.jar;C:\Users\abhay\.m2\repository\io\opentelemetry\opentelemetry-sdk-trace\1.9.1\opentelemetry-sdk-trace-1.9.1.jar;C:\Users\abhay\.m2\repository\io\opentelemetry\opentelemetry-api-metrics\1.9.1-alpha\opentelemetry-api-metrics-1.9.1-alpha.jar;C:\Users\abhay\.m2\repository\io\opentelemetry\opentelemetry-sdk\1.9.1\opentelemetry-sdk-1.9.1.jar;C:\Users\abhay\.m2\repository\io\opentelemetry\opentelemetry-semconv\1.9.1-alpha\opentelemetry-semconv-1.9.1-alpha.jar;C:\Users\abhay\.m2\repository\io\ous\jtoml\2.0.0\jtoml-2.0.0.jar;C:\Users\abhay\.m2\repository\net\bytebuddy\byte-buddy\1.12.2\byte-buddy-1.12.2.jar;C:\Users\abhay\.m2\repository\org\apache\commons\commons-exec\1.3\commons-exec-1.3.jar;C:\Users\abhay\.m2\repository\org\asynchttpclient\async-http-client\2.12.3\async-http-client-2.12.3.jar;C:\Users\abhay\.m2\repository\org\asynchttpclient\async-http-client-netty-utils\2.12.3\async-http-client-netty-utils-2.12.3.jar;C:\Users\abhay\.m2\repository\io\netty\netty-codec-socks\4.1.60.Final\netty-codec-socks-4.1.60.Final.jar;C:\Users\abhay\.m2\repository\io\netty\netty-handler-proxy\4.1.60.Final\netty-handler-proxy-4.1.60.Final.jar;C:\Users\abhay\.m2\repository\io\netty\netty-transport-native-epoll\4.1.60.Final\netty-transport-native-epoll-4.1.60.Final-linux-x86_64.jar;C:\Users\abhay\.m2\repository\io\netty\netty-transport-native-kqueue\4.1.60.Final\netty-transport-native-kqueue-4.1.60.Final-osx-x86_64.jar;C:\Users\abhay\.m2\repository\org\reactivestreams\reactive-streams\1.0.3\reactive-streams-1.0.3.jar;C:\Users\abhay\.m2\repository\com\typesafe\netty\netty-reactive-streams\2.0.4\netty-reactive-streams-2.0.4.jar;C:\Users\abhay\.m2\repository\com\sun\activation\jakarta.activation\1.2.2\jakarta.activation-1.2.2.jar;C:\Users\abhay\.m2\repository\org\seleniumhq\selenium\selenium-http\4.1.1\selenium-http-4.1.1.jar;C:\Users\abhay\.m2\repository\net\jodah\failsafe\2.4.4\failsafe-2.4.4.jar;C:\Users\abhay\.m2\repository\org\seleniumhq\selenium\selenium-safari-driver\4.1.1\selenium-safari-driver-4.1.1.jar;C:\Users\abhay\.m2\repository\org\seleniumhq\selenium\selenium-support\4.1.1\selenium-support-4.1.1.jar;C:\Users\abhay\.m2\repository\org\testng\testng\7.1.0\testng-7.1.0.jar;C:\Users\abhay\.m2\repository\com\beust\jcommander\1.72\jcommander-1.72.jar;C:\Users\abhay\.m2\repository\com\google\inject\guice\4.1.0\guice-4.1.0-no_aop.jar;C:\Users\abhay\.m2\repository\javax\inject\javax.inject\1\javax.inject-1.jar;C:\Users\abhay\.m2\repository\aopalliance\aopalliance\1.0\aopalliance-1.0.jar;C:\Users\abhay\.m2\repository\org\yaml\snakeyaml\1.21\snakeyaml-1.21.jar;C:\Users\abhay\.m2\repository\commons-io\commons-io\2.11.0\commons-io-2.11.0.jar;C:\Users\abhay\.m2\repository\org\apache\poi\poi-ooxml\5.2.2\poi-ooxml-5.2.2.jar;C:\Users\abhay\.m2\repository\org\apache\poi\poi-ooxml-lite\5.2.2\poi-ooxml-lite-5.2.2.jar;C:\Users\abhay\.m2\repository\org\apache\xmlbeans\xmlbeans\5.0.3\xmlbeans-5.0.3.jar;C:\Users\abhay\.m2\repository\org\apache\commons\commons-compress\1.21\commons-compress-1.21.jar;C:\Users\abhay\.m2\repository\com\github\virtuald\curvesapi\1.07\curvesapi-1.07.jar;C:\Users\abhay\.m2\repository\org\apache\logging\log4j\log4j-api\2.17.2\log4j-api-2.17.2.jar;C:\Users\abhay\.m2\repository\org\apache\commons\commons-collections4\4.4\commons-collections4-4.4.jar;C:\Users\abhay\.m2\repository\org\apache\poi\poi\5.2.2\poi-5.2.2.jar;C:\Users\abhay\.m2\repository\commons-codec\commons-codec\1.15\commons-codec-1.15.jar;C:\Users\abhay\.m2\repository\org\apache\commons\commons-math3\3.6.1\commons-math3-3.6.1.jar;C:\Users\abhay\.m2\repository\com\zaxxer\SparseBitSet\1.2\SparseBitSet-1.2.jar;C:\Users\abhay\.m2\repository\log4j\log4j\1.2.17\log4j-1.2.17.jar;C:\Users\abhay\.m2\repository\io\github\bonigarcia\webdrivermanager\5.3.0\webdrivermanager-5.3.0.jar;C:\Users\abhay\.m2\repository\org\slf4j\slf4j-api\1.7.36\slf4j-api-1.7.36.jar;C:\Users\abhay\.m2\repository\com\google\code\gson\gson\2.9.1\gson-2.9.1.jar;C:\Users\abhay\.m2\repository\com\github\docker-java\docker-java\3.2.13\docker-java-3.2.13.jar;C:\Users\abhay\.m2\repository\com\github\docker-java\docker-java-core\3.2.13\docker-java-core-3.2.13.jar;C:\Users\abhay\.m2\repository\com\github\docker-java\docker-java-api\3.2.13\docker-java-api-3.2.13.jar;C:\Users\abhay\.m2\repository\com\fasterxml\jackson\core\jackson-annotations\2.10.3\jackson-annotations-2.10.3.jar;C:\Users\abhay\.m2\repository\com\fasterxml\jackson\core\jackson-databind\2.10.3\jackson-databind-2.10.3.jar;C:\Users\abhay\.m2\repository\com\fasterxml\jackson\core\jackson-core\2.10.3\jackson-core-2.10.3.jar;C:\Users\abhay\.m2\repository\org\bouncycastle\bcpkix-jdk15on\1.64\bcpkix-jdk15on-1.64.jar;C:\Users\abhay\.m2\repository\org\bouncycastle\bcprov-jdk15on\1.64\bcprov-jdk15on-1.64.jar;C:\Users\abhay\.m2\repository\org\slf4j\jcl-over-slf4j\1.7.30\jcl-over-slf4j-1.7.30.jar;C:\Users\abhay\.m2\repository\com\github\docker-java\docker-java-transport-httpclient5\3.2.13\docker-java-transport-httpclient5-3.2.13.jar;C:\Users\abhay\.m2\repository\com\github\docker-java\docker-java-transport\3.2.13\docker-java-transport-3.2.13.jar;C:\Users\abhay\.m2\repository\net\java\dev\jna\jna\5.8.0\jna-5.8.0.jar;C:\Users\abhay\.m2\repository\org\brotli\dec\0.1.2\dec-0.1.2.jar;C:\Users\abhay\.m2\repository\org\apache\commons\commons-lang3\3.12.0\commons-lang3-3.12.0.jar;C:\Users\abhay\.m2\repository\org\apache\httpcomponents\client5\httpclient5\5.1.3\httpclient5-5.1.3.jar;C:\Users\abhay\.m2\repository\org\apache\httpcomponents\core5\httpcore5\5.1.3\httpcore5-5.1.3.jar;C:\Users\abhay\.m2\repository\org\apache\httpcomponents\core5\httpcore5-h2\5.1.3\httpcore5-h2-5.1.3.jar;C:\Users\abhay\.m2\repository\org\apache\logging\log4j\log4j-core\2.17.1\log4j-core-2.17.1.jar;C:\Users\abhay\.m2\repository\com\aventstack\extentreports\3.1.5\extentreports-3.1.5.jar;C:\Users\abhay\.m2\repository\org\freemarker\freemarker\2.3.23\freemarker-2.3.23.jar;C:\Users\abhay\.m2\repository\org\mongodb\mongodb-driver\3.3.0\mongodb-driver-3.3.0.jar;C:\Users\abhay\.m2\repository\org\mongodb\bson\3.3.0\bson-3.3.0.jar;C:\Users\abhay\.m2\repository\org\mongodb\mongodb-driver-core\3.3.0\mongodb-driver-core-3.3.0.jar;C:\Users\abhay\.m2\repository\org\apache\httpcomponents\httpclient\4.5.2\httpclient-4.5.2.jar;C:\Users\abhay\.m2\repository\org\apache\httpcomponents\httpcore\4.4.4\httpcore-4.4.4.jar;C:\Users\abhay\.m2\repository\commons-logging\commons-logging\1.2\commons-logging-1.2.jar;C:\Users\abhay\.m2\repository\org\apache\httpcomponents\httpmime\4.5.2\httpmime-4.5.2.jar;C:\Users\abhay\.m2\repository\org\jsoup\jsoup\1.9.2\jsoup-1.9.2.jar;C:\Users\abhay\.m2\repository\org\jetbrains\annotations\23.0.0\annotations-23.0.0.jar
Launcher Type: SUN_STANDARD

[Global flags]
     intx CICompilerCount                          = 4                                         {product} {ergonomic}
     uint ConcGCThreads                            = 2                                         {product} {ergonomic}
     uint G1ConcRefinementThreads                  = 8                                         {product} {ergonomic}
   size_t G1HeapRegionSize                         = 2097152                                   {product} {ergonomic}
    uintx GCDrainStackTargetSize                   = 64                                        {product} {ergonomic}
   size_t InitialHeapSize                          = 266338304                                 {product} {ergonomic}
   size_t MarkStackSize                            = 4194304                                   {product} {ergonomic}
   size_t MaxHeapSize                              = 4234149888                                {product} {ergonomic}
   size_t MinHeapDeltaBytes                        = 2097152                                   {product} {ergonomic}
   size_t MinHeapSize                              = 8388608                                   {product} {ergonomic}
    uintx NonNMethodCodeHeapSize                   = 5839372                                {pd product} {ergonomic}
    uintx NonProfiledCodeHeapSize                  = 122909434                              {pd product} {ergonomic}
    uintx ProfiledCodeHeapSize                     = 122909434                              {pd product} {ergonomic}
    uintx ReservedCodeCacheSize                    = 251658240                              {pd product} {ergonomic}
     bool SegmentedCodeCache                       = true                                      {product} {ergonomic}
   size_t SoftMaxHeapSize                          = 4234149888                             {manageable} {ergonomic}
     bool UseCompressedClassPointers               = true                           {product lp64_product} {ergonomic}
     bool UseCompressedOops                        = true                           {product lp64_product} {ergonomic}
     bool UseG1GC                                  = true                                      {product} {ergonomic}
     bool UseLargePagesIndividualAllocation        = false                                  {pd product} {ergonomic}

Logging:
Log output configuration:
 #0: stdout all=warning uptime,level,tags foldmultilines=false
 #1: stderr all=off uptime,level,tags foldmultilines=false

Environment Variables:
JAVA_HOME=C:\Program Files\Java\jdk-18
PATH=C:\Program Files\Java\jdk1.8.0_341\bin;C:\windows\system32;C:\windows;C:\windows\System32\Wbem;C:\windows\System32\WindowsPowerShell\v1.0\;C:\windows\System32\OpenSSH\;"C:\Program Files (x86)\NVIDIA Corporation\PhysX\Common;c:\gs";C:\Program Files\NVIDIA Corporation\NVIDIA NvDLISR;c:\gs;C:\Program Files (x86)\Microsoft Visual Studio\Shared\Python37_64;C:\Program Files\Git\cmd;C:\Program Files\nodejs\;C:\Android;C:\Windows\System32;D:\Training\Appium\commandlinetools-AndroidSDK\platform-tools\;D:\putty\;C:\Users\abhay\AppData\Local\Programs\Python\Python39\Scripts\;C:\Users\abhay\AppData\Local\Programs\Python\Python39\;C:\Users\abhay\scoop\shims;"C:\Users\abhay\AppData\Local\Microsoft\WindowsApps;c:\gs";;C:\Program Files\JetBrains\PyCharm Community Edition 2021.1\bin;;C:\Users\abhay\AppData\Roaming\npm;C:\Program Files\JetBrains\IntelliJ IDEA Community Edition 2022.1\bin;
USERNAME=abhay
OS=Windows_NT
PROCESSOR_IDENTIFIER=Intel64 Family 6 Model 140 Stepping 1, GenuineIntel



---------------  S Y S T E M  ---------------

OS:
 Windows 10 , 64 bit Build 19041 (10.0.19041.1889)
OS uptime: 5 days 22:53 hours
Hyper-V role detected

CPU: total 8 (initial active 8) (4 cores per cpu, 2 threads per core) family 6 model 140 stepping 1 microcode 0x86, cx8, cmov, fxsr, ht, mmx, 3dnowpref, sse, sse2, sse3, ssse3, sse4.1, sse4.2, popcnt, lzcnt, tsc, tscinvbit, avx, avx2, aes, erms, clmul, bmi1, bmi2, adx, avx512f, avx512dq, avx512cd, avx512bw, avx512vl, sha, fma, vzeroupper, avx512_vpopcntdq, avx512_vpclmulqdq, avx512_vaes, avx512_vnni, clflush, clflushopt, clwb, avx512_vbmi2, avx512_vbmi, hv

Memory: 4k page, system-wide physical 16149M (5083M free)
TotalPageFile size 18149M (AvailPageFile size 186M)
current process WorkingSet (physical memory assigned to process): 11M, peak: 11M
current process commit charge ("private bytes"): 61M, peak: 315M

vm_info: Java HotSpot(TM) 64-Bit Server VM (18+36-2087) for windows-amd64 JRE (18+36-2087), built on Feb 15 2022 09:43:11 by "mach5one" with MS VC++ 16.8 / 16.9 (VS2019)

END.
